/*C1*/SET SCHEMA SYSTEM_LOBS
INSERT INTO BLOCKS VALUES(0,2147483647,0)
COMMIT
/*C2*/SET SCHEMA PUBLIC
DISCONNECT
/*C3*/SET SCHEMA PUBLIC
\u000a    create table TBL_EMPREGADOS (\u000a       PK_EMP_ID bigint generated by default as identity (start with 1),\u000a        DT_NASCIMENTO date,\u000a        NM_EMAIL varchar(255),\u000a        NM_NAME varchar(255),\u000a        NU_SALARIO numeric(19,2),\u000a        primary key (PK_EMP_ID)\u000a    )
INSERT INTO TBL_EMPREGADOS VALUES(1,'2017-09-04','email685@email.com','Empregado 685',10197.80)
COMMIT
DELETE FROM TBL_EMPREGADOS WHERE PK_EMP_ID=1
INSERT INTO TBL_EMPREGADOS VALUES(1,'2017-09-04','email685@email.com','Novo Nome',10197.80)
COMMIT
INSERT INTO TBL_EMPREGADOS VALUES(2,'2017-09-04','email223@email.com','Empregado 223',4433.15)
COMMIT
INSERT INTO TBL_EMPREGADOS VALUES(3,'2017-09-04','email883@email.com','Empregado 883',1864.34)
COMMIT
INSERT INTO TBL_EMPREGADOS VALUES(4,'2017-09-04','email204@email.com','Empregado 204',2746.56)
DELETE FROM TBL_EMPREGADOS WHERE PK_EMP_ID=4
COMMIT
DISCONNECT
